time="2025-04-27T18:32:57+05:30" level=warning msg="/Users/Dev/carbon-tracker-project/docker-compose.yml: the attribute `version` is obsolete, it will be ignored, please remove it to avoid potential confusion"
Compose can now delegate builds to bake for better performance.
 To do so, set COMPOSE_BAKE=true.
#0 building with "desktop-linux" instance using docker driver

#1 [frontend internal] load build definition from Dockerfile
#1 transferring dockerfile: 337B done
#1 WARN: FromAsCasing: 'as' and 'FROM' keywords' casing do not match (line 2)
#1 DONE 0.0s

#2 [frontend internal] load metadata for docker.io/library/node:18-alpine
#2 ...

#3 [frontend auth] library/node:pull token for registry-1.docker.io
#3 DONE 0.0s

#4 [frontend auth] library/nginx:pull token for registry-1.docker.io
#4 DONE 0.0s

#5 [frontend internal] load metadata for docker.io/library/nginx:alpine
#5 DONE 2.1s

#2 [frontend internal] load metadata for docker.io/library/node:18-alpine
#2 DONE 2.2s

#6 [frontend internal] load .dockerignore
#6 transferring context: 78B done
#6 DONE 0.0s

#7 [frontend internal] load build context
#7 DONE 0.0s

#8 [frontend build 1/6] FROM docker.io/library/node:18-alpine@sha256:8d6421d663b4c28fd3ebc498332f249011d118945588d0a35cb9bc4b8ca09d9e
#8 resolve docker.io/library/node:18-alpine@sha256:8d6421d663b4c28fd3ebc498332f249011d118945588d0a35cb9bc4b8ca09d9e 0.0s done
#8 DONE 0.0s

#9 [frontend stage-1 1/2] FROM docker.io/library/nginx:alpine@sha256:65645c7bb6a0661892a8b03b89d0743208a18dd2f3f17a54ef4b76fb8e2f2a10
#9 resolve docker.io/library/nginx:alpine@sha256:65645c7bb6a0661892a8b03b89d0743208a18dd2f3f17a54ef4b76fb8e2f2a10 0.0s done
#9 DONE 0.0s

#7 [frontend internal] load build context
#7 transferring context: 9.97MB 5.0s
#7 transferring context: 11.73MB 6.0s done
#7 DONE 6.1s

#10 [frontend build 3/6] COPY package*.json ./
#10 CACHED

#11 [frontend build 2/6] WORKDIR /app
#11 CACHED

#12 [frontend build 4/6] RUN npm install
#12 CACHED

#13 [frontend build 5/6] COPY . .
#13 DONE 26.0s

#14 [frontend build 6/6] RUN npm run build
#14 0.804 
#14 0.804 > carbon-tracker-frontend@0.1.0 build
#14 0.804 > react-scripts build
#14 0.804 
#14 2.070 Creating an optimized production build...
#14 52.93 Failed to compile.
#14 52.93 
#14 52.93 Attempted import error: './components/ErrorBoundary' does not contain a default export (imported as 'ErrorBoundary').
#14 52.93 
#14 52.93 
#14 ERROR: process "/bin/sh -c npm run build" did not complete successfully: exit code: 1
------
 > [frontend build 6/6] RUN npm run build:
0.804 
0.804 > carbon-tracker-frontend@0.1.0 build
0.804 > react-scripts build
0.804 
2.070 Creating an optimized production build...
52.93 Failed to compile.
52.93 
52.93 Attempted import error: './components/ErrorBoundary' does not contain a default export (imported as 'ErrorBoundary').
52.93 
52.93 
------
failed to solve: process "/bin/sh -c npm run build" did not complete successfully: exit code: 1
